<?xml version="1.0" encoding="UTF-8"?>
<!-- Generated by org.testng.reporters.JUnitReportReporter -->
<testsuite hostname="DESKTOP-N1NG7JA" failures="0" tests="1" name="com.api.FetchDataOneByOne" time="2.037" errors="0" timestamp="2023-10-29T20:00:50 IST" skipped="0">
  <testcase classname="com.api.FetchDataOneByOne" name="m3" time="2.037"/>
  <system-out/>
</testsuite> <!-- com.api.FetchDataOneByOne -->
