<?xml version="1.0" encoding="UTF-8"?>
<!-- Generated by org.testng.reporters.JUnitReportReporter -->
<testsuite hostname="DESKTOP-N1NG7JA" failures="0" tests="1" name="com.api.ValidationOfBody" time="1.884" errors="0" timestamp="2023-11-27T15:48:42 IST" skipped="0">
  <testcase classname="com.api.ValidationOfBody" name="m1" time="1.884"/>
  <system-out/>
</testsuite> <!-- com.api.ValidationOfBody -->
