<?xml version="1.0" encoding="UTF-8"?>
<!-- Generated by org.testng.reporters.JUnitReportReporter -->
<testsuite hostname="DESKTOP-N1NG7JA" failures="0" tests="1" name="com.api.PatchClass" time="3.177" errors="0" timestamp="2023-10-25T13:31:12 IST" skipped="0">
  <testcase classname="com.api.PatchClass" name="patchData" time="3.177"/>
  <system-out/>
</testsuite> <!-- com.api.PatchClass -->
