<?xml version="1.0" encoding="UTF-8"?>
<!-- Generated by org.testng.reporters.JUnitReportReporter -->
<testsuite hostname="DESKTOP-N1NG7JA" failures="0" tests="1" name="com.api.BodyVerificationByCollection" time="1.924" errors="0" timestamp="2023-10-26T22:31:25 IST" skipped="0">
  <testcase classname="com.api.BodyVerificationByCollection" name="mt" time="1.924"/>
  <system-out/>
</testsuite> <!-- com.api.BodyVerificationByCollection -->
