<?xml version="1.0" encoding="UTF-8"?>
<!-- Generated by org.testng.reporters.JUnitReportReporter -->
<testsuite hostname="DESKTOP-N1NG7JA" failures="0" tests="2" name="com.api.ParameterUri" time="2.709" errors="0" timestamp="2023-10-22T19:51:09 IST" skipped="0">
  <testcase classname="com.api.ParameterUri" name="getdata1" time="2.604"/>
  <system-out/>
  <testcase classname="com.api.ParameterUri" name="getData" time="0.105"/>
  <system-out/>
</testsuite> <!-- com.api.ParameterUri -->
