<?xml version="1.0" encoding="UTF-8"?>
<!-- Generated by org.testng.reporters.JUnitReportReporter -->
<testsuite hostname="DESKTOP-N1NG7JA" failures="0" tests="1" name="com.api.Validation" time="3.693" errors="0" timestamp="2023-10-25T13:53:52 IST" skipped="0">
  <testcase classname="com.api.Validation" name="valid_Status_Time" time="3.693"/>
  <system-out/>
</testsuite> <!-- com.api.Validation -->
