<?xml version="1.0" encoding="UTF-8"?>
<!-- Generated by org.testng.reporters.JUnitReportReporter -->
<testsuite hostname="DESKTOP-N1NG7JA" failures="0" tests="1" name="com.api.FetchDataWithCondition" time="2.052" errors="0" timestamp="2023-12-26T12:58:05 IST" skipped="0">
  <testcase classname="com.api.FetchDataWithCondition" name="mm" time="2.052"/>
  <system-out/>
</testsuite> <!-- com.api.FetchDataWithCondition -->
