<?xml version="1.0" encoding="UTF-8"?>
<!-- Generated by org.testng.reporters.JUnitReportReporter -->
<testsuite hostname="DESKTOP-N1NG7JA" failures="0" tests="1" name="com.api.MultiopleBodyValidate" time="0.902" errors="0" timestamp="2024-01-12T14:19:15 IST" skipped="0">
  <testcase classname="com.api.MultiopleBodyValidate" name="m1" time="0.902"/>
  <system-out/>
</testsuite> <!-- com.api.MultiopleBodyValidate -->
