<?xml version="1.0" encoding="UTF-8"?>
<!-- Generated by org.testng.reporters.JUnitReportReporter -->
<testsuite hostname="DESKTOP-N1NG7JA" failures="0" tests="1" name="com.api.BodyValidation" time="1.975" errors="0" timestamp="2023-11-27T15:46:23 IST" skipped="0">
  <testcase classname="com.api.BodyValidation" name="m1" time="1.975"/>
  <system-out/>
</testsuite> <!-- com.api.BodyValidation -->
