<?xml version="1.0" encoding="UTF-8"?>
<!-- Generated by org.testng.reporters.JUnitReportReporter -->
<testsuite hostname="DESKTOP-N1NG7JA" failures="0" tests="1" name="com.api.PutClass" time="2.895" errors="0" timestamp="2023-10-22T19:28:04 IST" skipped="0">
  <testcase classname="com.api.PutClass" name="putData" time="2.895"/>
  <system-out/>
</testsuite> <!-- com.api.PutClass -->
