<?xml version="1.0" encoding="UTF-8"?>
<!-- Generated by org.testng.reporters.JUnitReportReporter -->
<testsuite hostname="DESKTOP-N1NG7JA" failures="0" tests="1" name="com.api.BodyValidationArrayInsideArray" time="4.578" errors="0" timestamp="2023-10-29T18:48:25 IST" skipped="0">
  <testcase classname="com.api.BodyValidationArrayInsideArray" name="mb" time="4.578"/>
  <system-out/>
</testsuite> <!-- com.api.BodyValidationArrayInsideArray -->
