<?xml version="1.0" encoding="UTF-8"?>
<!-- Generated by org.testng.reporters.JUnitReportReporter -->
<testsuite hostname="DESKTOP-N1NG7JA" failures="0" tests="1" name="com.api.DeleteClass" time="2.672" errors="0" timestamp="2023-10-22T20:03:10 IST" skipped="0">
  <testcase classname="com.api.DeleteClass" name="deleteData" time="2.672"/>
  <system-out/>
</testsuite> <!-- com.api.DeleteClass -->
