<?xml version="1.0" encoding="UTF-8"?>
<!-- Generated by org.testng.reporters.JUnitReportReporter -->
<testsuite hostname="DESKTOP-N1NG7JA" failures="0" tests="2" name="com.api.CreateCommonVeriable" time="4.803" errors="0" timestamp="2023-10-25T21:34:14 IST" skipped="0">
  <testcase classname="com.api.CreateCommonVeriable" name="m1" time="3.180"/>
  <system-out/>
  <testcase classname="com.api.CreateCommonVeriable" name="m2" time="1.623"/>
  <system-out/>
</testsuite> <!-- com.api.CreateCommonVeriable -->
