<?xml version="1.0" encoding="UTF-8"?>
<!-- Generated by org.testng.reporters.JUnitReportReporter -->
<testsuite hostname="DESKTOP-N1NG7JA" failures="0" tests="1" name="com.api.ValidationString" time="3.856" errors="0" timestamp="2023-10-25T14:09:56 IST" skipped="0">
  <testcase classname="com.api.ValidationString" name="validate" time="3.856"/>
  <system-out/>
</testsuite> <!-- com.api.ValidationString -->
