<?xml version="1.0" encoding="UTF-8"?>
<!-- Generated by org.testng.reporters.JUnitReportReporter -->
<testsuite hostname="DESKTOP-N1NG7JA" failures="0" tests="1" name="com.api.ABCD" time="3.063" errors="0" timestamp="2023-10-25T13:32:55 IST" skipped="0">
  <testcase classname="com.api.ABCD" name="postData" time="3.063"/>
  <system-out/>
</testsuite> <!-- com.api.ABCD -->
